Determining if the pthread_create exist failed with the following output:
Change Dir: /home/sqg/Vision_Lab/SLAM/slambook_gaoxiang/ch11/cmake-build-debug/CMakeFiles/CMakeTmp

Run Build Command:"/usr/bin/make" "cmTC_de507/fast"
/usr/bin/make -f CMakeFiles/cmTC_de507.dir/build.make CMakeFiles/cmTC_de507.dir/build
make[1]: Entering directory '/home/sqg/Vision_Lab/SLAM/slambook_gaoxiang/ch11/cmake-build-debug/CMakeFiles/CMakeTmp'
Building C object CMakeFiles/cmTC_de507.dir/CheckSymbolExists.c.o
/usr/bin/cc    -o CMakeFiles/cmTC_de507.dir/CheckSymbolExists.c.o   -c /home/sqg/Vision_Lab/SLAM/slambook_gaoxiang/ch11/cmake-build-debug/CMakeFiles/CMakeTmp/CheckSymbolExists.c
Linking C executable cmTC_de507
/home/sqg/下载/clion-2018.3.4/bin/cmake/linux/bin/cmake -E cmake_link_script CMakeFiles/cmTC_de507.dir/link.txt --verbose=1
/usr/bin/cc      -rdynamic CMakeFiles/cmTC_de507.dir/CheckSymbolExists.c.o  -o cmTC_de507 
CMakeFiles/cmTC_de507.dir/CheckSymbolExists.c.o：在函数‘main’中：
CheckSymbolExists.c:(.text+0x16)：对‘pthread_create’未定义的引用
collect2: error: ld returned 1 exit status
CMakeFiles/cmTC_de507.dir/build.make:86: recipe for target 'cmTC_de507' failed
make[1]: *** [cmTC_de507] Error 1
make[1]: Leaving directory '/home/sqg/Vision_Lab/SLAM/slambook_gaoxiang/ch11/cmake-build-debug/CMakeFiles/CMakeTmp'
Makefile:121: recipe for target 'cmTC_de507/fast' failed
make: *** [cmTC_de507/fast] Error 2

File /home/sqg/Vision_Lab/SLAM/slambook_gaoxiang/ch11/cmake-build-debug/CMakeFiles/CMakeTmp/CheckSymbolExists.c:
/* */
#include <pthread.h>

int main(int argc, char** argv)
{
  (void)argv;
#ifndef pthread_create
  return ((int*)(&pthread_create))[argc];
#else
  (void)argc;
  return 0;
#endif
}

Determining if the function pthread_create exists in the pthreads failed with the following output:
Change Dir: /home/sqg/Vision_Lab/SLAM/slambook_gaoxiang/ch11/cmake-build-debug/CMakeFiles/CMakeTmp

Run Build Command:"/usr/bin/make" "cmTC_6ce3b/fast"
/usr/bin/make -f CMakeFiles/cmTC_6ce3b.dir/build.make CMakeFiles/cmTC_6ce3b.dir/build
make[1]: Entering directory '/home/sqg/Vision_Lab/SLAM/slambook_gaoxiang/ch11/cmake-build-debug/CMakeFiles/CMakeTmp'
Building C object CMakeFiles/cmTC_6ce3b.dir/CheckFunctionExists.c.o
/usr/bin/cc   -DCHECK_FUNCTION_EXISTS=pthread_create   -o CMakeFiles/cmTC_6ce3b.dir/CheckFunctionExists.c.o   -c /home/sqg/下载/clion-2018.3.4/bin/cmake/linux/share/cmake-3.13/Modules/CheckFunctionExists.c
Linking C executable cmTC_6ce3b
/home/sqg/下载/clion-2018.3.4/bin/cmake/linux/bin/cmake -E cmake_link_script CMakeFiles/cmTC_6ce3b.dir/link.txt --verbose=1
/usr/bin/cc  -DCHECK_FUNCTION_EXISTS=pthread_create    -rdynamic CMakeFiles/cmTC_6ce3b.dir/CheckFunctionExists.c.o  -o cmTC_6ce3b -lpthreads 
/usr/bin/ld: 找不到 -lpthreads
collect2: error: ld returned 1 exit status
CMakeFiles/cmTC_6ce3b.dir/build.make:86: recipe for target 'cmTC_6ce3b' failed
make[1]: *** [cmTC_6ce3b] Error 1
make[1]: Leaving directory '/home/sqg/Vision_Lab/SLAM/slambook_gaoxiang/ch11/cmake-build-debug/CMakeFiles/CMakeTmp'
Makefile:121: recipe for target 'cmTC_6ce3b/fast' failed
make: *** [cmTC_6ce3b/fast] Error 2


